2015-08-25 05:23:05 Error: [PDOException] SQLSTATE[HY000] [2002] No se puede establecer una conexión ya que el equipo de destino denegó expresamente dicha conexión.

Stack Trace:
#0 C:\wamp\www\test-psi2\vendor\cakephp\cakephp\src\Database\Driver\PDODriverTrait.php(48): PDO->__construct('mysql:host=loca...', 'root', '', Array)
#1 C:\wamp\www\test-psi2\vendor\cakephp\cakephp\src\Database\Driver\Mysql.php(89): Cake\Database\Driver\Mysql->_connect('mysql:host=loca...', Array)
#2 C:\wamp\www\test-psi2\vendor\cakephp\cakephp\src\Database\Schema\BaseSchema.php(46): Cake\Database\Driver\Mysql->connect()
#3 C:\wamp\www\test-psi2\vendor\cakephp\cakephp\src\Database\Dialect\MysqlDialectTrait.php(62): Cake\Database\Schema\BaseSchema->__construct(Object(Cake\Database\Driver\Mysql))
#4 C:\wamp\www\test-psi2\vendor\cakephp\cakephp\src\Database\Schema\Collection.php(52): Cake\Database\Driver\Mysql->schemaDialect()
#5 C:\wamp\www\test-psi2\vendor\cakephp\cakephp\src\Database\Schema\CachedCollection.php(44): Cake\Database\Schema\Collection->__construct(Object(Cake\Database\Connection))
#6 C:\wamp\www\test-psi2\vendor\cakephp\cakephp\src\Database\Connection.php(319): Cake\Database\Schema\CachedCollection->__construct(Object(Cake\Database\Connection), true)
#7 C:\wamp\www\test-psi2\vendor\cakephp\bake\src\Shell\Task\ModelTask.php(827): Cake\Database\Connection->schemaCollection()
#8 C:\wamp\www\test-psi2\vendor\cakephp\bake\src\Shell\Task\ModelTask.php(792): Bake\Shell\Task\ModelTask->_getAllTables()
#9 C:\wamp\www\test-psi2\vendor\cakephp\bake\src\Shell\Task\ModelTask.php(184): Bake\Shell\Task\ModelTask->listAll()
#10 C:\wamp\www\test-psi2\vendor\cakephp\bake\src\Shell\Task\ModelTask.php(110): Bake\Shell\Task\ModelTask->getAssociations(Object(Cake\ORM\Table))
#11 C:\wamp\www\test-psi2\vendor\cakephp\bake\src\Shell\Task\ModelTask.php(96): Bake\Shell\Task\ModelTask->bake('Alumnos')
#12 C:\wamp\www\test-psi2\vendor\cakephp\bake\src\Shell\BakeShell.php(250): Bake\Shell\Task\ModelTask->main('Alumnos')
#13 C:\wamp\www\test-psi2\vendor\cakephp\cakephp\src\Collection\CollectionTrait.php(52): Bake\Shell\BakeShell->Bake\Shell\{closure}('alumnos', 0)
#14 C:\wamp\www\test-psi2\vendor\cakephp\bake\src\Shell\BakeShell.php(253): Cake\Collection\Collection->each(Object(Closure))
#15 [internal function]: Bake\Shell\BakeShell->all('alumnos')
#16 C:\wamp\www\test-psi2\vendor\cakephp\cakephp\src\Console\Shell.php(380): call_user_func_array(Array, Array)
#17 C:\wamp\www\test-psi2\vendor\cakephp\cakephp\src\Console\ShellDispatcher.php(204): Cake\Console\Shell->runCommand(Array, true)
#18 C:\wamp\www\test-psi2\vendor\cakephp\cakephp\src\Console\ShellDispatcher.php(175): Cake\Console\ShellDispatcher->_dispatch()
#19 C:\wamp\www\test-psi2\vendor\cakephp\cakephp\src\Console\ShellDispatcher.php(126): Cake\Console\ShellDispatcher->dispatch()
#20 C:\wamp\www\test-psi2\bin\cake.php(33): Cake\Console\ShellDispatcher::run(Array)
#21 {main}


2015-08-25 23:26:55 Error: [Cake\Database\Exception] SQLSTATE[42S02]: Base table or view not found: 1146 Table 'test-psi.users' doesn't exist
Stack Trace:
#0 C:\wamp\www\test-psi2\vendor\cakephp\cakephp\src\Database\Schema\Collection.php(96): Cake\Database\Schema\Collection->_reflect('Column', 'users', Array, Object(Cake\Database\Schema\Table))
#1 C:\wamp\www\test-psi2\vendor\cakephp\cakephp\src\Database\Schema\CachedCollection.php(65): Cake\Database\Schema\Collection->describe('users', Array)
#2 C:\wamp\www\test-psi2\vendor\cakephp\cakephp\src\ORM\Table.php(426): Cake\Database\Schema\CachedCollection->describe('users')
#3 C:\wamp\www\test-psi2\vendor\cakephp\cakephp\src\ORM\Table.php(502): Cake\ORM\Table->schema()
#4 C:\wamp\www\test-psi2\vendor\cakephp\bake\src\Shell\Task\ModelTask.php(192): Cake\ORM\Table->primaryKey()
#5 C:\wamp\www\test-psi2\vendor\cakephp\bake\src\Shell\Task\ModelTask.php(110): Bake\Shell\Task\ModelTask->getAssociations(Object(Cake\ORM\Table))
#6 C:\wamp\www\test-psi2\vendor\cakephp\bake\src\Shell\Task\ModelTask.php(96): Bake\Shell\Task\ModelTask->bake('Users')
#7 C:\wamp\www\test-psi2\vendor\cakephp\bake\src\Shell\BakeShell.php(250): Bake\Shell\Task\ModelTask->main('Users')
#8 C:\wamp\www\test-psi2\vendor\cakephp\cakephp\src\Collection\CollectionTrait.php(52): Bake\Shell\BakeShell->Bake\Shell\{closure}('users', 0)
#9 C:\wamp\www\test-psi2\vendor\cakephp\bake\src\Shell\BakeShell.php(253): Cake\Collection\Collection->each(Object(Closure))
#10 [internal function]: Bake\Shell\BakeShell->all('users')
#11 C:\wamp\www\test-psi2\vendor\cakephp\cakephp\src\Console\Shell.php(380): call_user_func_array(Array, Array)
#12 C:\wamp\www\test-psi2\vendor\cakephp\cakephp\src\Console\ShellDispatcher.php(204): Cake\Console\Shell->runCommand(Array, true)
#13 C:\wamp\www\test-psi2\vendor\cakephp\cakephp\src\Console\ShellDispatcher.php(175): Cake\Console\ShellDispatcher->_dispatch()
#14 C:\wamp\www\test-psi2\vendor\cakephp\cakephp\src\Console\ShellDispatcher.php(126): Cake\Console\ShellDispatcher->dispatch()
#15 C:\wamp\www\test-psi2\bin\cake.php(33): Cake\Console\ShellDispatcher::run(Array)
#16 {main}


