2015-08-23 00:28:38 Error: [Cake\Routing\Exception\MissingControllerException] Controller class Alumnos could not be found.
Exception Attributes: array (
  'class' => 'Alumnos',
  'plugin' => NULL,
  'prefix' => NULL,
  '_ext' => NULL,
)
Request URL: /test-psi2/Alumnos
Stack Trace:
#0 C:\wamp\www\test-psi2\webroot\index.php(37): Cake\Routing\Dispatcher->dispatch(Object(Cake\Network\Request), Object(Cake\Network\Response))
#1 {main}


2015-08-24 17:13:03 Error: [Cake\Routing\Exception\MissingControllerException] Controller class Alumnos could not be found.
Exception Attributes: array (
  'class' => 'Alumnos',
  'plugin' => NULL,
  'prefix' => NULL,
  '_ext' => NULL,
)
Request URL: /test-psi2/Alumnos
Stack Trace:
#0 C:\wamp\www\test-psi2\webroot\index.php(37): Cake\Routing\Dispatcher->dispatch(Object(Cake\Network\Request), Object(Cake\Network\Response))
#1 {main}


2015-08-24 18:32:14 Error: [Cake\Controller\Exception\MissingActionException] Action AlumnosController::index() could not be found, or is not accessible.
Exception Attributes: array (
  'controller' => 'AlumnosController',
  'action' => 'index',
  'prefix' => '',
  'plugin' => NULL,
)
Request URL: /test-psi2/Alumnos
Stack Trace:
#0 C:\wamp\www\test-psi2\vendor\cakephp\cakephp\src\Routing\Dispatcher.php(114): Cake\Controller\Controller->invokeAction()
#1 C:\wamp\www\test-psi2\vendor\cakephp\cakephp\src\Routing\Dispatcher.php(87): Cake\Routing\Dispatcher->_invoke(Object(App\Controller\AlumnosController))
#2 C:\wamp\www\test-psi2\webroot\index.php(37): Cake\Routing\Dispatcher->dispatch(Object(Cake\Network\Request), Object(Cake\Network\Response))
#3 {main}


2015-08-24 18:32:42 Error: [Cake\View\Exception\MissingTemplateException] Template file "Alumnos\index.ctp" is missing.
Exception Attributes: array (
  'file' => 'Alumnos\\index.ctp',
)
Request URL: /test-psi2/Alumnos
Stack Trace:
#0 C:\wamp\www\test-psi2\vendor\cakephp\cakephp\src\View\View.php(462): Cake\View\View->_getViewFileName(NULL)
#1 C:\wamp\www\test-psi2\vendor\cakephp\cakephp\src\Controller\Controller.php(583): Cake\View\View->render(NULL, NULL)
#2 C:\wamp\www\test-psi2\vendor\cakephp\cakephp\src\Routing\Dispatcher.php(120): Cake\Controller\Controller->render()
#3 C:\wamp\www\test-psi2\vendor\cakephp\cakephp\src\Routing\Dispatcher.php(87): Cake\Routing\Dispatcher->_invoke(Object(App\Controller\AlumnosController))
#4 C:\wamp\www\test-psi2\webroot\index.php(37): Cake\Routing\Dispatcher->dispatch(Object(Cake\Network\Request), Object(Cake\Network\Response))
#5 {main}


2015-08-24 18:33:07 Error: [Cake\View\Exception\MissingTemplateException] Template file "Alumnos\index.ctp" is missing.
Exception Attributes: array (
  'file' => 'Alumnos\\index.ctp',
)
Request URL: /test-psi2/Alumnos
Stack Trace:
#0 C:\wamp\www\test-psi2\vendor\cakephp\cakephp\src\View\View.php(462): Cake\View\View->_getViewFileName(NULL)
#1 C:\wamp\www\test-psi2\vendor\cakephp\cakephp\src\Controller\Controller.php(583): Cake\View\View->render(NULL, NULL)
#2 C:\wamp\www\test-psi2\vendor\cakephp\cakephp\src\Routing\Dispatcher.php(120): Cake\Controller\Controller->render()
#3 C:\wamp\www\test-psi2\vendor\cakephp\cakephp\src\Routing\Dispatcher.php(87): Cake\Routing\Dispatcher->_invoke(Object(App\Controller\AlumnosController))
#4 C:\wamp\www\test-psi2\webroot\index.php(37): Cake\Routing\Dispatcher->dispatch(Object(Cake\Network\Request), Object(Cake\Network\Response))
#5 {main}


2015-08-24 18:33:10 Error: [Cake\View\Exception\MissingTemplateException] Template file "Alumnos\index.ctp" is missing.
Exception Attributes: array (
  'file' => 'Alumnos\\index.ctp',
)
Request URL: /test-psi2/Alumnos
Stack Trace:
#0 C:\wamp\www\test-psi2\vendor\cakephp\cakephp\src\View\View.php(462): Cake\View\View->_getViewFileName(NULL)
#1 C:\wamp\www\test-psi2\vendor\cakephp\cakephp\src\Controller\Controller.php(583): Cake\View\View->render(NULL, NULL)
#2 C:\wamp\www\test-psi2\vendor\cakephp\cakephp\src\Routing\Dispatcher.php(120): Cake\Controller\Controller->render()
#3 C:\wamp\www\test-psi2\vendor\cakephp\cakephp\src\Routing\Dispatcher.php(87): Cake\Routing\Dispatcher->_invoke(Object(App\Controller\AlumnosController))
#4 C:\wamp\www\test-psi2\webroot\index.php(37): Cake\Routing\Dispatcher->dispatch(Object(Cake\Network\Request), Object(Cake\Network\Response))
#5 {main}


